Arguments: 
  /usr/local/bin/node /usr/local/bin/yarn --help

PATH: 
  /usr/local/bin:/usr/bin:/bin:/usr/sbin:/sbin

Yarn version: 
  1.6.0

Node version: 
  8.15.0

Platform: 
  darwin x64

Trace: 
  SyntaxError: /Users/guang/workspace/zxgweb/remote-monitor-server/package.json: Unexpected token n in JSON at position 536
      at JSON.parse (<anonymous>)
      at /usr/local/lib/node_modules/yarn/lib/cli.js:1130:59
      at Generator.next (<anonymous>)
      at step (/usr/local/lib/node_modules/yarn/lib/cli.js:98:30)
      at /usr/local/lib/node_modules/yarn/lib/cli.js:109:13
      at <anonymous>

npm manifest: 
  {
    "name": "remote-monitor-server",
    "version": "1.0.0",
    "description": "remote monitor server",
    "main": "index.js",
    "keywords": [
      "remote monitor"
    ],
    "scripts": {
      "test": "echo \"Error: no test specified\" && exit 1",
      "build": "tsc"
    },
    "author": "zhaixuguang3081 <zhaixuguang3081@ipalfish.com> (http://gitlab.pri.ibanyu.com/zhaixuguang3081)",
    "license": "UNLICENSED",
    "dependencies": {
      "@types/koa": "^2.0.48",
      "@types/socket.io": "^2.1.2",
      "koa": "^2.7.0",
      "socket.io": "^2.2.0"
    }
  }
  
  npm  
  node  
  css  
  js   
  webpack  
  http

yarn manifest: 
  No manifest

Lockfile: 
  # THIS IS AN AUTOGENERATED FILE. DO NOT EDIT THIS FILE DIRECTLY.
  # yarn lockfile v1
  
  
  "@types/accepts@*":
    version "1.3.5"
    resolved "https://registry.npmjs.org/@types/accepts/-/accepts-1.3.5.tgz#c34bec115cfc746e04fe5a059df4ce7e7b391575"
    dependencies:
      "@types/node" "*"
  
  "@types/body-parser@*":
    version "1.17.0"
    resolved "https://registry.npmjs.org/@types/body-parser/-/body-parser-1.17.0.tgz#9f5c9d9bd04bb54be32d5eb9fc0d8c974e6cf58c"
    dependencies:
      "@types/connect" "*"
      "@types/node" "*"
  
  "@types/connect@*":
    version "3.4.32"
    resolved "https://registry.npmjs.org/@types/connect/-/connect-3.4.32.tgz#aa0e9616b9435ccad02bc52b5b454ffc2c70ba28"
    dependencies:
      "@types/node" "*"
  
  "@types/cookies@*":
    version "0.7.2"
    resolved "https://registry.npmjs.org/@types/cookies/-/cookies-0.7.2.tgz#5e0560d46ed9998082dce799af1058dd6a49780a"
    dependencies:
      "@types/connect" "*"
      "@types/express" "*"
      "@types/keygrip" "*"
      "@types/node" "*"
  
  "@types/express-serve-static-core@*":
    version "4.16.7"
    resolved "https://registry.npmjs.org/@types/express-serve-static-core/-/express-serve-static-core-4.16.7.tgz#50ba6f8a691c08a3dd9fa7fba25ef3133d298049"
    dependencies:
      "@types/node" "*"
      "@types/range-parser" "*"
  
  "@types/express@*":
    version "4.17.0"
    resolved "https://registry.npmjs.org/@types/express/-/express-4.17.0.tgz#49eaedb209582a86f12ed9b725160f12d04ef287"
    dependencies:
      "@types/body-parser" "*"
      "@types/express-serve-static-core" "*"
      "@types/serve-static" "*"
  
  "@types/http-assert@*":
    version "1.4.0"
    resolved "https://registry.npmjs.org/@types/http-assert/-/http-assert-1.4.0.tgz#41d173466e396e99a14d75f7160cc997f2f9ed8b"
  
  "@types/keygrip@*":
    version "1.0.1"
    resolved "https://registry.npmjs.org/@types/keygrip/-/keygrip-1.0.1.tgz#ff540462d2fb4d0a88441ceaf27d287b01c3d878"
  
  "@types/koa-compose@*":
    version "3.2.4"
    resolved "https://registry.npmjs.org/@types/koa-compose/-/koa-compose-3.2.4.tgz#76a461634a59c3e13449831708bb9b355fb1548e"
    dependencies:
      "@types/koa" "*"
  
  "@types/koa@*", "@types/koa@^2.0.48":
    version "2.0.48"
    resolved "https://registry.npmjs.org/@types/koa/-/koa-2.0.48.tgz#29162783029d3e5df8b58c55f6bf0d35f78fc39f"
    dependencies:
      "@types/accepts" "*"
      "@types/cookies" "*"
      "@types/http-assert" "*"
      "@types/keygrip" "*"
      "@types/koa-compose" "*"
      "@types/node" "*"
  
  "@types/mime@*":
    version "2.0.1"
    resolved "https://registry.npmjs.org/@types/mime/-/mime-2.0.1.tgz#dc488842312a7f075149312905b5e3c0b054c79d"
  
  "@types/node@*", "@types/node@^12.0.10":
    version "12.0.10"
    resolved "https://registry.npmjs.org/@types/node/-/node-12.0.10.tgz#51babf9c7deadd5343620055fc8aff7995c8b031"
  
  "@types/range-parser@*":
    version "1.2.3"
    resolved "https://registry.npmjs.org/@types/range-parser/-/range-parser-1.2.3.tgz#7ee330ba7caafb98090bece86a5ee44115904c2c"
  
  "@types/serve-static@*":
    version "1.13.2"
    resolved "https://registry.npmjs.org/@types/serve-static/-/serve-static-1.13.2.tgz#f5ac4d7a6420a99a6a45af4719f4dcd8cd907a48"
    dependencies:
      "@types/express-serve-static-core" "*"
      "@types/mime" "*"
  
  "@types/socket.io@^2.1.2":
    version "2.1.2"
    resolved "https://registry.npmjs.org/@types/socket.io/-/socket.io-2.1.2.tgz#7165c2587cc3b86b44aa78e2a0060140551de211"
    dependencies:
      "@types/node" "*"
  
  accepts@^1.3.5, accepts@~1.3.4:
    version "1.3.7"
    resolved "https://registry.npmjs.org/accepts/-/accepts-1.3.7.tgz#531bc726517a3b2b41f850021c6cc15eaab507cd"
    dependencies:
      mime-types "~2.1.24"
      negotiator "0.6.2"
  
  after@0.8.2:
    version "0.8.2"
    resolved "https://registry.npmjs.org/after/-/after-0.8.2.tgz#fedb394f9f0e02aa9768e702bda23b505fae7e1f"
  
  any-promise@^1.1.0:
    version "1.3.0"
    resolved "https://registry.npmjs.org/any-promise/-/any-promise-1.3.0.tgz#abc6afeedcea52e809cdc0376aed3ce39635d17f"
  
  arraybuffer.slice@~0.0.7:
    version "0.0.7"
    resolved "https://registry.npmjs.org/arraybuffer.slice/-/arraybuffer.slice-0.0.7.tgz#3bbc4275dd584cc1b10809b89d4e8b63a69e7675"
  
  async-limiter@~1.0.0:
    version "1.0.0"
    resolved "https://registry.npmjs.org/async-limiter/-/async-limiter-1.0.0.tgz#78faed8c3d074ab81f22b4e985d79e8738f720f8"
  
  backo2@1.0.2:
    version "1.0.2"
    resolved "https://registry.npmjs.org/backo2/-/backo2-1.0.2.tgz#31ab1ac8b129363463e35b3ebb69f4dfcfba7947"
  
  base64-arraybuffer@0.1.5:
    version "0.1.5"
    resolved "https://registry.npmjs.org/base64-arraybuffer/-/base64-arraybuffer-0.1.5.tgz#73926771923b5a19747ad666aa5cd4bf9c6e9ce8"
  
  base64id@1.0.0:
    version "1.0.0"
    resolved "https://registry.npmjs.org/base64id/-/base64id-1.0.0.tgz#47688cb99bb6804f0e06d3e763b1c32e57d8e6b6"
  
  better-assert@~1.0.0:
    version "1.0.2"
    resolved "https://registry.npmjs.org/better-assert/-/better-assert-1.0.2.tgz#40866b9e1b9e0b55b481894311e68faffaebc522"
    dependencies:
      callsite "1.0.0"
  
  blob@0.0.5:
    version "0.0.5"
    resolved "https://registry.npmjs.org/blob/-/blob-0.0.5.tgz#d680eeef25f8cd91ad533f5b01eed48e64caf683"
  
  cache-content-type@^1.0.0:
    version "1.0.1"
    resolved "https://registry.npmjs.org/cache-content-type/-/cache-content-type-1.0.1.tgz#035cde2b08ee2129f4a8315ea8f00a00dba1453c"
    dependencies:
      mime-types "^2.1.18"
      ylru "^1.2.0"
  
  callsite@1.0.0:
    version "1.0.0"
    resolved "https://registry.npmjs.org/callsite/-/callsite-1.0.0.tgz#280398e5d664bd74038b6f0905153e6e8af1bc20"
  
  co@^4.6.0:
    version "4.6.0"
    resolved "https://registry.npmjs.org/co/-/co-4.6.0.tgz#6ea6bdf3d853ae54ccb8e47bfa0bf3f9031fb184"
  
  component-bind@1.0.0:
    version "1.0.0"
    resolved "https://registry.npmjs.org/component-bind/-/component-bind-1.0.0.tgz#00c608ab7dcd93897c0009651b1d3a8e1e73bbd1"
  
  component-emitter@1.2.1:
    version "1.2.1"
    resolved "https://registry.npmjs.org/component-emitter/-/component-emitter-1.2.1.tgz#137918d6d78283f7df7a6b7c5a63e140e69425e6"
  
  component-inherit@0.0.3:
    version "0.0.3"
    resolved "https://registry.npmjs.org/component-inherit/-/component-inherit-0.0.3.tgz#645fc4adf58b72b649d5cae65135619db26ff143"
  
  content-disposition@~0.5.2:
    version "0.5.3"
    resolved "https://registry.npmjs.org/content-disposition/-/content-disposition-0.5.3.tgz#e130caf7e7279087c5616c2007d0485698984fbd"
    dependencies:
      safe-buffer "5.1.2"
  
  content-type@^1.0.4:
    version "1.0.4"
    resolved "https://registry.npmjs.org/content-type/-/content-type-1.0.4.tgz#e138cc75e040c727b1966fe5e5f8c9aee256fe3b"
  
  cookie@0.3.1:
    version "0.3.1"
    resolved "https://registry.npmjs.org/cookie/-/cookie-0.3.1.tgz#e7e0a1f9ef43b4c8ba925c5c5a96e806d16873bb"
  
  cookies@~0.7.1:
    version "0.7.3"
    resolved "https://registry.npmjs.org/cookies/-/cookies-0.7.3.tgz#7912ce21fbf2e8c2da70cf1c3f351aecf59dadfa"
    dependencies:
      depd "~1.1.2"
      keygrip "~1.0.3"
  
  debug@~3.1.0:
    version "3.1.0"
    resolved "https://registry.npmjs.org/debug/-/debug-3.1.0.tgz#5bb5a0672628b64149566ba16819e61518c67261"
    dependencies:
      ms "2.0.0"
  
  debug@~4.1.0:
    version "4.1.1"
    resolved "https://registry.npmjs.org/debug/-/debug-4.1.1.tgz#3b72260255109c6b589cee050f1d516139664791"
    dependencies:
      ms "^2.1.1"
  
  deep-equal@~1.0.1:
    version "1.0.1"
    resolved "https://registry.npmjs.org/deep-equal/-/deep-equal-1.0.1.tgz#f5d260292b660e084eff4cdbc9f08ad3247448b5"
  
  delegates@^1.0.0:
    version "1.0.0"
    resolved "https://registry.npmjs.org/delegates/-/delegates-1.0.0.tgz#84c6e159b81904fdca59a0ef44cd870d31250f9a"
  
  depd@^1.1.2, depd@~1.1.2:
    version "1.1.2"
    resolved "https://registry.npmjs.org/depd/-/depd-1.1.2.tgz#9bcd52e14c097763e749b274c4346ed2e560b5a9"
  
  destroy@^1.0.4:
    version "1.0.4"
    resolved "https://registry.npmjs.org/destroy/-/destroy-1.0.4.tgz#978857442c44749e4206613e37946205826abd80"
  
  ee-first@1.1.1:
    version "1.1.1"
    resolved "https://registry.npmjs.org/ee-first/-/ee-first-1.1.1.tgz#590c61156b0ae2f4f0255732a158b266bc56b21d"
  
  engine.io-client@~3.3.1:
    version "3.3.2"
    resolved "https://registry.npmjs.org/engine.io-client/-/engine.io-client-3.3.2.tgz#04e068798d75beda14375a264bb3d742d7bc33aa"
    dependencies:
      component-emitter "1.2.1"
      component-inherit "0.0.3"
      debug "~3.1.0"
      engine.io-parser "~2.1.1"
      has-cors "1.1.0"
      indexof "0.0.1"
      parseqs "0.0.5"
      parseuri "0.0.5"
      ws "~6.1.0"
      xmlhttprequest-ssl "~1.5.4"
      yeast "0.1.2"
  
  engine.io-parser@~2.1.0, engine.io-parser@~2.1.1:
    version "2.1.3"
    resolved "https://registry.npmjs.org/engine.io-parser/-/engine.io-parser-2.1.3.tgz#757ab970fbf2dfb32c7b74b033216d5739ef79a6"
    dependencies:
      after "0.8.2"
      arraybuffer.slice "~0.0.7"
      base64-arraybuffer "0.1.5"
      blob "0.0.5"
      has-binary2 "~1.0.2"
  
  engine.io@~3.3.1:
    version "3.3.2"
    resolved "https://registry.npmjs.org/engine.io/-/engine.io-3.3.2.tgz#18cbc8b6f36e9461c5c0f81df2b830de16058a59"
    dependencies:
      accepts "~1.3.4"
      base64id "1.0.0"
      cookie "0.3.1"
      debug "~3.1.0"
      engine.io-parser "~2.1.0"
      ws "~6.1.0"
  
  error-inject@^1.0.0:
    version "1.0.0"
    resolved "https://registry.npmjs.org/error-inject/-/error-inject-1.0.0.tgz#e2b3d91b54aed672f309d950d154850fa11d4f37"
  
  escape-html@^1.0.3:
    version "1.0.3"
    resolved "https://registry.npmjs.org/escape-html/-/escape-html-1.0.3.tgz#0258eae4d3d0c0974de1c169188ef0051d1d1988"
  
  fresh@~0.5.2:
    version "0.5.2"
    resolved "https://registry.npmjs.org/fresh/-/fresh-0.5.2.tgz#3d8cadd90d976569fa835ab1f8e4b23a105605a7"
  
  has-binary2@~1.0.2:
    version "1.0.3"
    resolved "https://registry.npmjs.org/has-binary2/-/has-binary2-1.0.3.tgz#7776ac627f3ea77250cfc332dab7ddf5e4f5d11d"
    dependencies:
      isarray "2.0.1"
  
  has-cors@1.1.0:
    version "1.1.0"
    resolved "https://registry.npmjs.org/has-cors/-/has-cors-1.1.0.tgz#5e474793f7ea9843d1bb99c23eef49ff126fff39"
  
  http-assert@^1.3.0:
    version "1.4.1"
    resolved "https://registry.npmjs.org/http-assert/-/http-assert-1.4.1.tgz#c5f725d677aa7e873ef736199b89686cceb37878"
    dependencies:
      deep-equal "~1.0.1"
      http-errors "~1.7.2"
  
  http-errors@^1.6.3, http-errors@~1.7.2:
    version "1.7.3"
    resolved "https://registry.npmjs.org/http-errors/-/http-errors-1.7.3.tgz#6c619e4f9c60308c38519498c14fbb10aacebb06"
    dependencies:
      depd "~1.1.2"
      inherits "2.0.4"
      setprototypeof "1.1.1"
      statuses ">= 1.5.0 < 2"
      toidentifier "1.0.0"
  
  indexof@0.0.1:
    version "0.0.1"
    resolved "https://registry.npmjs.org/indexof/-/indexof-0.0.1.tgz#82dc336d232b9062179d05ab3293a66059fd435d"
  
  inherits@2.0.4:
    version "2.0.4"
    resolved "https://registry.npmjs.org/inherits/-/inherits-2.0.4.tgz#0fa2c64f932917c3433a0ded55363aae37416b7c"
  
  is-generator-function@^1.0.7:
    version "1.0.7"
    resolved "https://registry.npmjs.org/is-generator-function/-/is-generator-function-1.0.7.tgz#d2132e529bb0000a7f80794d4bdf5cd5e5813522"
  
  isarray@2.0.1:
    version "2.0.1"
    resolved "https://registry.npmjs.org/isarray/-/isarray-2.0.1.tgz#a37d94ed9cda2d59865c9f76fe596ee1f338741e"
  
  keygrip@~1.0.3:
    version "1.0.3"
    resolved "https://registry.npmjs.org/keygrip/-/keygrip-1.0.3.tgz#399d709f0aed2bab0a059e0cdd3a5023a053e1dc"
  
  koa-compose@^3.0.0:
    version "3.2.1"
    resolved "https://registry.npmjs.org/koa-compose/-/koa-compose-3.2.1.tgz#a85ccb40b7d986d8e5a345b3a1ace8eabcf54de7"
    dependencies:
      any-promise "^1.1.0"
  
  koa-compose@^4.1.0:
    version "4.1.0"
    resolved "https://registry.npmjs.org/koa-compose/-/koa-compose-4.1.0.tgz#507306b9371901db41121c812e923d0d67d3e877"
  
  koa-convert@^1.2.0:
    version "1.2.0"
    resolved "https://registry.npmjs.org/koa-convert/-/koa-convert-1.2.0.tgz#da40875df49de0539098d1700b50820cebcd21d0"
    dependencies:
      co "^4.6.0"
      koa-compose "^3.0.0"
  
  koa-is-json@^1.0.0:
    version "1.0.0"
    resolved "https://registry.npmjs.org/koa-is-json/-/koa-is-json-1.0.0.tgz#273c07edcdcb8df6a2c1ab7d59ee76491451ec14"
  
  koa@^2.7.0:
    version "2.7.0"
    resolved "https://registry.npmjs.org/koa/-/koa-2.7.0.tgz#7e00843506942b9d82c6cc33749f657c6e5e7adf"
    dependencies:
      accepts "^1.3.5"
      cache-content-type "^1.0.0"
      content-disposition "~0.5.2"
      content-type "^1.0.4"
      cookies "~0.7.1"
      debug "~3.1.0"
      delegates "^1.0.0"
      depd "^1.1.2"
      destroy "^1.0.4"
      error-inject "^1.0.0"
      escape-html "^1.0.3"
      fresh "~0.5.2"
      http-assert "^1.3.0"
      http-errors "^1.6.3"
      is-generator-function "^1.0.7"
      koa-compose "^4.1.0"
      koa-convert "^1.2.0"
      koa-is-json "^1.0.0"
      on-finished "^2.3.0"
      only "~0.0.2"
      parseurl "^1.3.2"
      statuses "^1.5.0"
      type-is "^1.6.16"
      vary "^1.1.2"
  
  media-typer@0.3.0:
    version "0.3.0"
    resolved "https://registry.npmjs.org/media-typer/-/media-typer-0.3.0.tgz#8710d7af0aa626f8fffa1ce00168545263255748"
  
  mime-db@1.40.0:
    version "1.40.0"
    resolved "https://registry.npmjs.org/mime-db/-/mime-db-1.40.0.tgz#a65057e998db090f732a68f6c276d387d4126c32"
  
  mime-types@^2.1.18, mime-types@~2.1.24:
    version "2.1.24"
    resolved "https://registry.npmjs.org/mime-types/-/mime-types-2.1.24.tgz#b6f8d0b3e951efb77dedeca194cff6d16f676f81"
    dependencies:
      mime-db "1.40.0"
  
  ms@2.0.0:
    version "2.0.0"
    resolved "https://registry.npmjs.org/ms/-/ms-2.0.0.tgz#5608aeadfc00be6c2901df5f9861788de0d597c8"
  
  ms@^2.1.1:
    version "2.1.2"
    resolved "https://registry.npmjs.org/ms/-/ms-2.1.2.tgz#d09d1f357b443f493382a8eb3ccd183872ae6009"
  
  negotiator@0.6.2:
    version "0.6.2"
    resolved "https://registry.npmjs.org/negotiator/-/negotiator-0.6.2.tgz#feacf7ccf525a77ae9634436a64883ffeca346fb"
  
  object-component@0.0.3:
    version "0.0.3"
    resolved "https://registry.npmjs.org/object-component/-/object-component-0.0.3.tgz#f0c69aa50efc95b866c186f400a33769cb2f1291"
  
  on-finished@^2.3.0:
    version "2.3.0"
    resolved "https://registry.npmjs.org/on-finished/-/on-finished-2.3.0.tgz#20f1336481b083cd75337992a16971aa2d906947"
    dependencies:
      ee-first "1.1.1"
  
  only@~0.0.2:
    version "0.0.2"
    resolved "https://registry.npmjs.org/only/-/only-0.0.2.tgz#2afde84d03e50b9a8edc444e30610a70295edfb4"
  
  parseqs@0.0.5:
    version "0.0.5"
    resolved "https://registry.npmjs.org/parseqs/-/parseqs-0.0.5.tgz#d5208a3738e46766e291ba2ea173684921a8b89d"
    dependencies:
      better-assert "~1.0.0"
  
  parseuri@0.0.5:
    version "0.0.5"
    resolved "https://registry.npmjs.org/parseuri/-/parseuri-0.0.5.tgz#80204a50d4dbb779bfdc6ebe2778d90e4bce320a"
    dependencies:
      better-assert "~1.0.0"
  
  parseurl@^1.3.2:
    version "1.3.3"
    resolved "https://registry.npmjs.org/parseurl/-/parseurl-1.3.3.tgz#9da19e7bee8d12dff0513ed5b76957793bc2e8d4"
  
  safe-buffer@5.1.2:
    version "5.1.2"
    resolved "https://registry.npmjs.org/safe-buffer/-/safe-buffer-5.1.2.tgz#991ec69d296e0313747d59bdfd2b745c35f8828d"
  
  setprototypeof@1.1.1:
    version "1.1.1"
    resolved "https://registry.npmjs.org/setprototypeof/-/setprototypeof-1.1.1.tgz#7e95acb24aa92f5885e0abef5ba131330d4ae683"
  
  socket.io-adapter@~1.1.0:
    version "1.1.1"
    resolved "https://registry.npmjs.org/socket.io-adapter/-/socket.io-adapter-1.1.1.tgz#2a805e8a14d6372124dd9159ad4502f8cb07f06b"
  
  socket.io-client@2.2.0:
    version "2.2.0"
    resolved "https://registry.npmjs.org/socket.io-client/-/socket.io-client-2.2.0.tgz#84e73ee3c43d5020ccc1a258faeeb9aec2723af7"
    dependencies:
      backo2 "1.0.2"
      base64-arraybuffer "0.1.5"
      component-bind "1.0.0"
      component-emitter "1.2.1"
      debug "~3.1.0"
      engine.io-client "~3.3.1"
      has-binary2 "~1.0.2"
      has-cors "1.1.0"
      indexof "0.0.1"
      object-component "0.0.3"
      parseqs "0.0.5"
      parseuri "0.0.5"
      socket.io-parser "~3.3.0"
      to-array "0.1.4"
  
  socket.io-parser@~3.3.0:
    version "3.3.0"
    resolved "https://registry.npmjs.org/socket.io-parser/-/socket.io-parser-3.3.0.tgz#2b52a96a509fdf31440ba40fed6094c7d4f1262f"
    dependencies:
      component-emitter "1.2.1"
      debug "~3.1.0"
      isarray "2.0.1"
  
  socket.io@^2.2.0:
    version "2.2.0"
    resolved "https://registry.npmjs.org/socket.io/-/socket.io-2.2.0.tgz#f0f633161ef6712c972b307598ecd08c9b1b4d5b"
    dependencies:
      debug "~4.1.0"
      engine.io "~3.3.1"
      has-binary2 "~1.0.2"
      socket.io-adapter "~1.1.0"
      socket.io-client "2.2.0"
      socket.io-parser "~3.3.0"
  
  "statuses@>= 1.5.0 < 2", statuses@^1.5.0:
    version "1.5.0"
    resolved "https://registry.npmjs.org/statuses/-/statuses-1.5.0.tgz#161c7dac177659fd9811f43771fa99381478628c"
  
  to-array@0.1.4:
    version "0.1.4"
    resolved "https://registry.npmjs.org/to-array/-/to-array-0.1.4.tgz#17e6c11f73dd4f3d74cda7a4ff3238e9ad9bf890"
  
  toidentifier@1.0.0:
    version "1.0.0"
    resolved "https://registry.npmjs.org/toidentifier/-/toidentifier-1.0.0.tgz#7e1be3470f1e77948bc43d94a3c8f4d7752ba553"
  
  type-is@^1.6.16:
    version "1.6.18"
    resolved "https://registry.npmjs.org/type-is/-/type-is-1.6.18.tgz#4e552cd05df09467dcbc4ef739de89f2cf37c131"
    dependencies:
      media-typer "0.3.0"
      mime-types "~2.1.24"
  
  vary@^1.1.2:
    version "1.1.2"
    resolved "https://registry.npmjs.org/vary/-/vary-1.1.2.tgz#2299f02c6ded30d4a5961b0b9f74524a18f634fc"
  
  ws@~6.1.0:
    version "6.1.4"
    resolved "https://registry.npmjs.org/ws/-/ws-6.1.4.tgz#5b5c8800afab925e94ccb29d153c8d02c1776ef9"
    dependencies:
      async-limiter "~1.0.0"
  
  xmlhttprequest-ssl@~1.5.4:
    version "1.5.5"
    resolved "https://registry.npmjs.org/xmlhttprequest-ssl/-/xmlhttprequest-ssl-1.5.5.tgz#c2876b06168aadc40e57d97e81191ac8f4398b3e"
  
  yeast@0.1.2:
    version "0.1.2"
    resolved "https://registry.npmjs.org/yeast/-/yeast-0.1.2.tgz#008e06d8094320c372dbc2f8ed76a0ca6c8ac419"
  
  ylru@^1.2.0:
    version "1.2.1"
    resolved "https://registry.npmjs.org/ylru/-/ylru-1.2.1.tgz#f576b63341547989c1de7ba288760923b27fe84f"
